{
  "RSpec": {
    "coverage": {
      "/home/aldinfitrah/code/ruby/generasi-gigih/w4/s2/spec/integer_array_incrementer_rspec.rb": {
        "lines": [
          1,
          null,
          1,
          1,
          1,
          1,
          null,
          1,
          null,
          1,
          null,
          null,
          1,
          1,
          1,
          null,
          1,
          null,
          1,
          null,
          null,
          1,
          1,
          1,
          null,
          1,
          null,
          1,
          1,
          null,
          null
        ]
      },
      "/home/aldinfitrah/code/ruby/generasi-gigih/w4/s2/integer_array_incrementer.rb": {
        "lines": [
          1,
          1,
          3,
          null,
          3,
          1,
          null,
          null,
          2,
          null,
          null
        ]
      }
    },
    "timestamp": 1627474051
  }
}
